<?xml version="1.0" encoding="UTF-8"?>
<testng-results ignored="0" total="2" passed="2" failed="0" skipped="0">
  <reporter-output>
  </reporter-output>
  <suite started-at="2024-11-08T08:50:51 IST" name="Default suite" finished-at="2024-11-08T08:50:51 IST" duration-ms="76">
    <groups>
    </groups>
    <test started-at="2024-11-08T08:50:51 IST" name="Default test" finished-at="2024-11-08T08:50:51 IST" duration-ms="76">
      <class name="Streams">
        <test-method signature="map()[pri:0, instance:Streams@44821a96]" started-at="2024-11-08T08:50:51 IST" name="map" finished-at="2024-11-08T08:50:51 IST" duration-ms="10" status="PASS">
          <reporter-output>
          </reporter-output>
        </test-method> <!-- map -->
        <test-method signature="streamcollect()[pri:0, instance:Streams@44821a96]" started-at="2024-11-08T08:50:51 IST" name="streamcollect" finished-at="2024-11-08T08:50:51 IST" duration-ms="5" status="PASS">
          <reporter-output>
          </reporter-output>
        </test-method> <!-- streamcollect -->
      </class> <!-- Streams -->
    </test> <!-- Default test -->
  </suite> <!-- Default suite -->
</testng-results>
